app/build/intermediates/manifest_merge_blame_file/debug/manifest-merger-blame-debug-report.txt
1<?xml version="1.0" encoding="utf-8"?>
2<manifest xmlns:android="http://schemas.android.com/apk/res/android"
3    package="com.hr.beetestapp"
4    android:versionCode="1"
5    android:versionName="1.0" >
6
7    <uses-sdk
8        android:minSdkVersion="16"
8-->src\main\AndroidManifest.xml
9        android:targetSdkVersion="31" />
9-->src\main\AndroidManifest.xml
10
11    <uses-permission android:name="android.permission.INTERNET" /> <!-- https://developer.android.com/training/package-visibility/use-cases#check-browser-available -->
11-->[com.kumulos.android:kumulos-android-debug:14.0.2] AndroidManifest.xml:9:5-67
11-->[com.kumulos.android:kumulos-android-debug:14.0.2] AndroidManifest.xml:9:22-64
12    <queries>
12-->[com.kumulos.android:kumulos-android-debug:14.0.2] AndroidManifest.xml:12:5-34:15
13        <intent>
13-->[com.kumulos.android:kumulos-android-debug:14.0.2] AndroidManifest.xml:13:9-19:18
14            <action android:name="android.intent.action.VIEW" />
14-->[com.kumulos.android:kumulos-android-debug:14.0.2] AndroidManifest.xml:14:13-65
14-->[com.kumulos.android:kumulos-android-debug:14.0.2] AndroidManifest.xml:14:21-62
15
16            <category android:name="android.intent.category.BROWSABLE" />
16-->[com.kumulos.android:kumulos-android-debug:14.0.2] AndroidManifest.xml:16:13-74
16-->[com.kumulos.android:kumulos-android-debug:14.0.2] AndroidManifest.xml:16:23-71
17
18            <data android:scheme="https" />
18-->[com.kumulos.android:kumulos-android-debug:14.0.2] AndroidManifest.xml:18:13-44
18-->[com.kumulos.android:kumulos-android-debug:14.0.2] AndroidManifest.xml:18:19-41
19        </intent>
20        <intent>
20-->[com.kumulos.android:kumulos-android-debug:14.0.2] AndroidManifest.xml:20:9-26:18
21            <action android:name="android.intent.action.VIEW" />
21-->[com.kumulos.android:kumulos-android-debug:14.0.2] AndroidManifest.xml:14:13-65
21-->[com.kumulos.android:kumulos-android-debug:14.0.2] AndroidManifest.xml:14:21-62
22
23            <category android:name="android.intent.category.BROWSABLE" />
23-->[com.kumulos.android:kumulos-android-debug:14.0.2] AndroidManifest.xml:16:13-74
23-->[com.kumulos.android:kumulos-android-debug:14.0.2] AndroidManifest.xml:16:23-71
24
25            <data android:scheme="http" />
25-->[com.kumulos.android:kumulos-android-debug:14.0.2] AndroidManifest.xml:18:13-44
25-->[com.kumulos.android:kumulos-android-debug:14.0.2] AndroidManifest.xml:18:19-41
26        </intent>
27        <intent>
27-->[com.kumulos.android:kumulos-android-debug:14.0.2] AndroidManifest.xml:27:9-33:18
28            <action android:name="android.intent.action.VIEW" />
28-->[com.kumulos.android:kumulos-android-debug:14.0.2] AndroidManifest.xml:14:13-65
28-->[com.kumulos.android:kumulos-android-debug:14.0.2] AndroidManifest.xml:14:21-62
29
30            <category android:name="android.intent.category.BROWSABLE" />
30-->[com.kumulos.android:kumulos-android-debug:14.0.2] AndroidManifest.xml:16:13-74
30-->[com.kumulos.android:kumulos-android-debug:14.0.2] AndroidManifest.xml:16:23-71
31
32            <data android:scheme="market" />
32-->[com.kumulos.android:kumulos-android-debug:14.0.2] AndroidManifest.xml:18:13-44
32-->[com.kumulos.android:kumulos-android-debug:14.0.2] AndroidManifest.xml:18:19-41
33        </intent>
34    </queries>
35
36    <uses-permission android:name="android.permission.WAKE_LOCK" />
36-->[androidx.work:work-runtime:2.7.0] AndroidManifest.xml:25:5-68
36-->[androidx.work:work-runtime:2.7.0] AndroidManifest.xml:25:22-65
37    <uses-permission android:name="android.permission.ACCESS_NETWORK_STATE" />
37-->[androidx.work:work-runtime:2.7.0] AndroidManifest.xml:26:5-79
37-->[androidx.work:work-runtime:2.7.0] AndroidManifest.xml:26:22-76
38    <uses-permission android:name="android.permission.RECEIVE_BOOT_COMPLETED" />
38-->[androidx.work:work-runtime:2.7.0] AndroidManifest.xml:27:5-81
38-->[androidx.work:work-runtime:2.7.0] AndroidManifest.xml:27:22-78
39    <uses-permission android:name="android.permission.FOREGROUND_SERVICE" />
39-->[androidx.work:work-runtime:2.7.0] AndroidManifest.xml:28:5-77
39-->[androidx.work:work-runtime:2.7.0] AndroidManifest.xml:28:22-74
40
41    <application
41-->src\main\AndroidManifest.xml:5:5-28:19
42        android:name="com.hr.beetestapp.BeeTestApplication"
42-->src\main\AndroidManifest.xml:6:9-43
43        android:allowBackup="true"
43-->src\main\AndroidManifest.xml:7:9-35
44        android:appComponentFactory="androidx.core.app.CoreComponentFactory"
44-->[androidx.core:core:1.6.0] AndroidManifest.xml:24:18-86
45        android:debuggable="true"
46        android:icon="@mipmap/ic_launcher"
46-->src\main\AndroidManifest.xml:8:9-43
47        android:label="@string/app_name"
47-->src\main\AndroidManifest.xml:9:9-41
48        android:roundIcon="@mipmap/ic_launcher_round"
48-->src\main\AndroidManifest.xml:10:9-54
49        android:supportsRtl="true"
49-->src\main\AndroidManifest.xml:11:9-35
50        android:testOnly="true"
51        android:theme="@style/Theme.BeeTestApp" >
51-->src\main\AndroidManifest.xml:12:9-48
52        <activity
52-->src\main\AndroidManifest.xml:13:9-16:66
53            android:name="com.hr.beetestapp.DetailActivity"
53-->src\main\AndroidManifest.xml:14:13-43
54            android:exported="false"
54-->src\main\AndroidManifest.xml:15:13-37
55            android:theme="@style/Theme.BeeTestApp.NoActionBar" />
55-->src\main\AndroidManifest.xml:16:13-64
56        <activity
56-->src\main\AndroidManifest.xml:17:9-27:20
57            android:name="com.hr.beetestapp.MainActivity"
57-->src\main\AndroidManifest.xml:18:13-41
58            android:exported="true"
58-->src\main\AndroidManifest.xml:19:13-36
59            android:label="@string/app_name"
59-->src\main\AndroidManifest.xml:20:13-45
60            android:theme="@style/Theme.BeeTestApp.NoActionBar" >
60-->src\main\AndroidManifest.xml:21:13-64
61            <intent-filter>
61-->src\main\AndroidManifest.xml:22:13-26:29
62                <action android:name="android.intent.action.MAIN" />
62-->src\main\AndroidManifest.xml:23:17-69
62-->src\main\AndroidManifest.xml:23:25-66
63
64                <category android:name="android.intent.category.LAUNCHER" />
64-->src\main\AndroidManifest.xml:25:17-77
64-->src\main\AndroidManifest.xml:25:27-74
65            </intent-filter>
66        </activity>
67
68        <provider
68-->[com.kumulos.android:kumulos-android-debug:14.0.2] AndroidManifest.xml:37:9-40:40
69            android:name="com.kumulos.android.KumulosInitProvider"
69-->[com.kumulos.android:kumulos-android-debug:14.0.2] AndroidManifest.xml:38:13-67
70            android:authorities="com.hr.beetestapp.kumulosinitprovider"
70-->[com.kumulos.android:kumulos-android-debug:14.0.2] AndroidManifest.xml:39:13-71
71            android:exported="false" />
71-->[com.kumulos.android:kumulos-android-debug:14.0.2] AndroidManifest.xml:40:13-37
72
73        <activity
73-->[com.kumulos.android:kumulos-android-debug:14.0.2] AndroidManifest.xml:42:9-47:64
74            android:name="com.kumulos.android.PushOpenInvisibleActivity"
74-->[com.kumulos.android:kumulos-android-debug:14.0.2] AndroidManifest.xml:43:13-73
75            android:excludeFromRecents="true"
75-->[com.kumulos.android:kumulos-android-debug:14.0.2] AndroidManifest.xml:44:13-46
76            android:exported="false"
76-->[com.kumulos.android:kumulos-android-debug:14.0.2] AndroidManifest.xml:45:13-37
77            android:noHistory="true"
77-->[com.kumulos.android:kumulos-android-debug:14.0.2] AndroidManifest.xml:46:13-37
78            android:theme="@android:style/Theme.Translucent" />
78-->[com.kumulos.android:kumulos-android-debug:14.0.2] AndroidManifest.xml:47:13-61
79
80        <provider
80-->[androidx.work:work-runtime:2.7.0] AndroidManifest.xml:31:9-39:20
81            android:name="androidx.startup.InitializationProvider"
81-->[androidx.work:work-runtime:2.7.0] AndroidManifest.xml:32:13-67
82            android:authorities="com.hr.beetestapp.androidx-startup"
82-->[androidx.work:work-runtime:2.7.0] AndroidManifest.xml:33:13-68
83            android:exported="false" >
83-->[androidx.work:work-runtime:2.7.0] AndroidManifest.xml:34:13-37
84            <meta-data
84-->[androidx.work:work-runtime:2.7.0] AndroidManifest.xml:36:13-38:52
85                android:name="androidx.work.WorkManagerInitializer"
85-->[androidx.work:work-runtime:2.7.0] AndroidManifest.xml:37:17-68
86                android:value="androidx.startup" />
86-->[androidx.work:work-runtime:2.7.0] AndroidManifest.xml:38:17-49
87        </provider>
88
89        <service
89-->[androidx.work:work-runtime:2.7.0] AndroidManifest.xml:41:9-46:35
90            android:name="androidx.work.impl.background.systemalarm.SystemAlarmService"
90-->[androidx.work:work-runtime:2.7.0] AndroidManifest.xml:42:13-88
91            android:directBootAware="false"
91-->[androidx.work:work-runtime:2.7.0] AndroidManifest.xml:43:13-44
92            android:enabled="@bool/enable_system_alarm_service_default"
92-->[androidx.work:work-runtime:2.7.0] AndroidManifest.xml:44:13-72
93            android:exported="false" />
93-->[androidx.work:work-runtime:2.7.0] AndroidManifest.xml:45:13-37
94        <service
94-->[androidx.work:work-runtime:2.7.0] AndroidManifest.xml:47:9-53:35
95            android:name="androidx.work.impl.background.systemjob.SystemJobService"
95-->[androidx.work:work-runtime:2.7.0] AndroidManifest.xml:48:13-84
96            android:directBootAware="false"
96-->[androidx.work:work-runtime:2.7.0] AndroidManifest.xml:49:13-44
97            android:enabled="@bool/enable_system_job_service_default"
97-->[androidx.work:work-runtime:2.7.0] AndroidManifest.xml:50:13-70
98            android:exported="true"
98-->[androidx.work:work-runtime:2.7.0] AndroidManifest.xml:51:13-36
99            android:permission="android.permission.BIND_JOB_SERVICE" />
99-->[androidx.work:work-runtime:2.7.0] AndroidManifest.xml:52:13-69
100        <service
100-->[androidx.work:work-runtime:2.7.0] AndroidManifest.xml:54:9-59:35
101            android:name="androidx.work.impl.foreground.SystemForegroundService"
101-->[androidx.work:work-runtime:2.7.0] AndroidManifest.xml:55:13-81
102            android:directBootAware="false"
102-->[androidx.work:work-runtime:2.7.0] AndroidManifest.xml:56:13-44
103            android:enabled="@bool/enable_system_foreground_service_default"
103-->[androidx.work:work-runtime:2.7.0] AndroidManifest.xml:57:13-77
104            android:exported="false" />
104-->[androidx.work:work-runtime:2.7.0] AndroidManifest.xml:58:13-37
105
106        <receiver
106-->[androidx.work:work-runtime:2.7.0] AndroidManifest.xml:61:9-66:35
107            android:name="androidx.work.impl.utils.ForceStopRunnable$BroadcastReceiver"
107-->[androidx.work:work-runtime:2.7.0] AndroidManifest.xml:62:13-88
108            android:directBootAware="false"
108-->[androidx.work:work-runtime:2.7.0] AndroidManifest.xml:63:13-44
109            android:enabled="true"
109-->[androidx.work:work-runtime:2.7.0] AndroidManifest.xml:64:13-35
110            android:exported="false" />
110-->[androidx.work:work-runtime:2.7.0] AndroidManifest.xml:65:13-37
111        <receiver
111-->[androidx.work:work-runtime:2.7.0] AndroidManifest.xml:67:9-77:20
112            android:name="androidx.work.impl.background.systemalarm.ConstraintProxy$BatteryChargingProxy"
112-->[androidx.work:work-runtime:2.7.0] AndroidManifest.xml:68:13-106
113            android:directBootAware="false"
113-->[androidx.work:work-runtime:2.7.0] AndroidManifest.xml:69:13-44
114            android:enabled="false"
114-->[androidx.work:work-runtime:2.7.0] AndroidManifest.xml:70:13-36
115            android:exported="false" >
115-->[androidx.work:work-runtime:2.7.0] AndroidManifest.xml:71:13-37
116            <intent-filter>
116-->[androidx.work:work-runtime:2.7.0] AndroidManifest.xml:73:13-76:29
117                <action android:name="android.intent.action.ACTION_POWER_CONNECTED" />
117-->[androidx.work:work-runtime:2.7.0] AndroidManifest.xml:74:17-87
117-->[androidx.work:work-runtime:2.7.0] AndroidManifest.xml:74:25-84
118                <action android:name="android.intent.action.ACTION_POWER_DISCONNECTED" />
118-->[androidx.work:work-runtime:2.7.0] AndroidManifest.xml:75:17-90
118-->[androidx.work:work-runtime:2.7.0] AndroidManifest.xml:75:25-87
119            </intent-filter>
120        </receiver>
121        <receiver
121-->[androidx.work:work-runtime:2.7.0] AndroidManifest.xml:78:9-88:20
122            android:name="androidx.work.impl.background.systemalarm.ConstraintProxy$BatteryNotLowProxy"
122-->[androidx.work:work-runtime:2.7.0] AndroidManifest.xml:79:13-104
123            android:directBootAware="false"
123-->[androidx.work:work-runtime:2.7.0] AndroidManifest.xml:80:13-44
124            android:enabled="false"
124-->[androidx.work:work-runtime:2.7.0] AndroidManifest.xml:81:13-36
125            android:exported="false" >
125-->[androidx.work:work-runtime:2.7.0] AndroidManifest.xml:82:13-37
126            <intent-filter>
126-->[androidx.work:work-runtime:2.7.0] AndroidManifest.xml:84:13-87:29
127                <action android:name="android.intent.action.BATTERY_OKAY" />
127-->[androidx.work:work-runtime:2.7.0] AndroidManifest.xml:85:17-77
127-->[androidx.work:work-runtime:2.7.0] AndroidManifest.xml:85:25-74
128                <action android:name="android.intent.action.BATTERY_LOW" />
128-->[androidx.work:work-runtime:2.7.0] AndroidManifest.xml:86:17-76
128-->[androidx.work:work-runtime:2.7.0] AndroidManifest.xml:86:25-73
129            </intent-filter>
130        </receiver>
131        <receiver
131-->[androidx.work:work-runtime:2.7.0] AndroidManifest.xml:89:9-99:20
132            android:name="androidx.work.impl.background.systemalarm.ConstraintProxy$StorageNotLowProxy"
132-->[androidx.work:work-runtime:2.7.0] AndroidManifest.xml:90:13-104
133            android:directBootAware="false"
133-->[androidx.work:work-runtime:2.7.0] AndroidManifest.xml:91:13-44
134            android:enabled="false"
134-->[androidx.work:work-runtime:2.7.0] AndroidManifest.xml:92:13-36
135            android:exported="false" >
135-->[androidx.work:work-runtime:2.7.0] AndroidManifest.xml:93:13-37
136            <intent-filter>
136-->[androidx.work:work-runtime:2.7.0] AndroidManifest.xml:95:13-98:29
137                <action android:name="android.intent.action.DEVICE_STORAGE_LOW" />
137-->[androidx.work:work-runtime:2.7.0] AndroidManifest.xml:96:17-83
137-->[androidx.work:work-runtime:2.7.0] AndroidManifest.xml:96:25-80
138                <action android:name="android.intent.action.DEVICE_STORAGE_OK" />
138-->[androidx.work:work-runtime:2.7.0] AndroidManifest.xml:97:17-82
138-->[androidx.work:work-runtime:2.7.0] AndroidManifest.xml:97:25-79
139            </intent-filter>
140        </receiver>
141        <receiver
141-->[androidx.work:work-runtime:2.7.0] AndroidManifest.xml:100:9-109:20
142            android:name="androidx.work.impl.background.systemalarm.ConstraintProxy$NetworkStateProxy"
142-->[androidx.work:work-runtime:2.7.0] AndroidManifest.xml:101:13-103
143            android:directBootAware="false"
143-->[androidx.work:work-runtime:2.7.0] AndroidManifest.xml:102:13-44
144            android:enabled="false"
144-->[androidx.work:work-runtime:2.7.0] AndroidManifest.xml:103:13-36
145            android:exported="false" >
145-->[androidx.work:work-runtime:2.7.0] AndroidManifest.xml:104:13-37
146            <intent-filter>
146-->[androidx.work:work-runtime:2.7.0] AndroidManifest.xml:106:13-108:29
147                <action android:name="android.net.conn.CONNECTIVITY_CHANGE" />
147-->[androidx.work:work-runtime:2.7.0] AndroidManifest.xml:107:17-79
147-->[androidx.work:work-runtime:2.7.0] AndroidManifest.xml:107:25-76
148            </intent-filter>
149        </receiver>
150        <receiver
150-->[androidx.work:work-runtime:2.7.0] AndroidManifest.xml:110:9-121:20
151            android:name="androidx.work.impl.background.systemalarm.RescheduleReceiver"
151-->[androidx.work:work-runtime:2.7.0] AndroidManifest.xml:111:13-88
152            android:directBootAware="false"
152-->[androidx.work:work-runtime:2.7.0] AndroidManifest.xml:112:13-44
153            android:enabled="false"
153-->[androidx.work:work-runtime:2.7.0] AndroidManifest.xml:113:13-36
154            android:exported="false" >
154-->[androidx.work:work-runtime:2.7.0] AndroidManifest.xml:114:13-37
155            <intent-filter>
155-->[androidx.work:work-runtime:2.7.0] AndroidManifest.xml:116:13-120:29
156                <action android:name="android.intent.action.BOOT_COMPLETED" />
156-->[androidx.work:work-runtime:2.7.0] AndroidManifest.xml:117:17-79
156-->[androidx.work:work-runtime:2.7.0] AndroidManifest.xml:117:25-76
157                <action android:name="android.intent.action.TIME_SET" />
157-->[androidx.work:work-runtime:2.7.0] AndroidManifest.xml:118:17-73
157-->[androidx.work:work-runtime:2.7.0] AndroidManifest.xml:118:25-70
158                <action android:name="android.intent.action.TIMEZONE_CHANGED" />
158-->[androidx.work:work-runtime:2.7.0] AndroidManifest.xml:119:17-81
158-->[androidx.work:work-runtime:2.7.0] AndroidManifest.xml:119:25-78
159            </intent-filter>
160        </receiver>
161        <receiver
161-->[androidx.work:work-runtime:2.7.0] AndroidManifest.xml:122:9-131:20
162            android:name="androidx.work.impl.background.systemalarm.ConstraintProxyUpdateReceiver"
162-->[androidx.work:work-runtime:2.7.0] AndroidManifest.xml:123:13-99
163            android:directBootAware="false"
163-->[androidx.work:work-runtime:2.7.0] AndroidManifest.xml:124:13-44
164            android:enabled="@bool/enable_system_alarm_service_default"
164-->[androidx.work:work-runtime:2.7.0] AndroidManifest.xml:125:13-72
165            android:exported="false" >
165-->[androidx.work:work-runtime:2.7.0] AndroidManifest.xml:126:13-37
166            <intent-filter>
166-->[androidx.work:work-runtime:2.7.0] AndroidManifest.xml:128:13-130:29
167                <action android:name="androidx.work.impl.background.systemalarm.UpdateProxies" />
167-->[androidx.work:work-runtime:2.7.0] AndroidManifest.xml:129:17-98
167-->[androidx.work:work-runtime:2.7.0] AndroidManifest.xml:129:25-95
168            </intent-filter>
169        </receiver>
170        <receiver
170-->[androidx.work:work-runtime:2.7.0] AndroidManifest.xml:132:9-142:20
171            android:name="androidx.work.impl.diagnostics.DiagnosticsReceiver"
171-->[androidx.work:work-runtime:2.7.0] AndroidManifest.xml:133:13-78
172            android:directBootAware="false"
172-->[androidx.work:work-runtime:2.7.0] AndroidManifest.xml:134:13-44
173            android:enabled="true"
173-->[androidx.work:work-runtime:2.7.0] AndroidManifest.xml:135:13-35
174            android:exported="true"
174-->[androidx.work:work-runtime:2.7.0] AndroidManifest.xml:136:13-36
175            android:permission="android.permission.DUMP" >
175-->[androidx.work:work-runtime:2.7.0] AndroidManifest.xml:137:13-57
176            <intent-filter>
176-->[androidx.work:work-runtime:2.7.0] AndroidManifest.xml:139:13-141:29
177                <action android:name="androidx.work.diagnostics.REQUEST_DIAGNOSTICS" />
177-->[androidx.work:work-runtime:2.7.0] AndroidManifest.xml:140:17-88
177-->[androidx.work:work-runtime:2.7.0] AndroidManifest.xml:140:25-85
178            </intent-filter>
179        </receiver>
180
181        <service
181-->[androidx.room:room-runtime:2.2.5] AndroidManifest.xml:25:9-28:40
182            android:name="androidx.room.MultiInstanceInvalidationService"
182-->[androidx.room:room-runtime:2.2.5] AndroidManifest.xml:26:13-74
183            android:directBootAware="true"
183-->[androidx.room:room-runtime:2.2.5] AndroidManifest.xml:27:13-43
184            android:exported="false" />
184-->[androidx.room:room-runtime:2.2.5] AndroidManifest.xml:28:13-37
185        <service
185-->[ch.acra:acra-core:5.5.0] AndroidManifest.xml:27:9-31:39
186            android:name="org.acra.sender.LegacySenderService"
186-->[ch.acra:acra-core:5.5.0] AndroidManifest.xml:28:13-63
187            android:enabled="@bool/acra_enable_legacy_service"
187-->[ch.acra:acra-core:5.5.0] AndroidManifest.xml:29:13-63
188            android:exported="false"
188-->[ch.acra:acra-core:5.5.0] AndroidManifest.xml:30:13-37
189            android:process=":acra" />
189-->[ch.acra:acra-core:5.5.0] AndroidManifest.xml:31:13-36
190        <service
190-->[ch.acra:acra-core:5.5.0] AndroidManifest.xml:32:9-37:39
191            android:name="org.acra.sender.JobSenderService"
191-->[ch.acra:acra-core:5.5.0] AndroidManifest.xml:33:13-60
192            android:enabled="@bool/acra_enable_job_service"
192-->[ch.acra:acra-core:5.5.0] AndroidManifest.xml:34:13-60
193            android:exported="false"
193-->[ch.acra:acra-core:5.5.0] AndroidManifest.xml:35:13-37
194            android:permission="android.permission.BIND_JOB_SERVICE"
194-->[ch.acra:acra-core:5.5.0] AndroidManifest.xml:36:13-69
195            android:process=":acra" />
195-->[ch.acra:acra-core:5.5.0] AndroidManifest.xml:37:13-36
196
197        <provider
197-->[ch.acra:acra-core:5.5.0] AndroidManifest.xml:39:9-45:51
198            android:name="org.acra.attachment.AcraContentProvider"
198-->[ch.acra:acra-core:5.5.0] AndroidManifest.xml:40:13-67
199            android:authorities="com.hr.beetestapp.acra"
199-->[ch.acra:acra-core:5.5.0] AndroidManifest.xml:41:13-56
200            android:exported="false"
200-->[ch.acra:acra-core:5.5.0] AndroidManifest.xml:42:13-37
201            android:grantUriPermissions="true"
201-->[ch.acra:acra-core:5.5.0] AndroidManifest.xml:43:13-47
202            android:process=":acra" />
202-->[ch.acra:acra-core:5.5.0] AndroidManifest.xml:44:13-36
203    </application>
204
205</manifest>